<?xml version="1.0" encoding="UTF-8"?>
<!-- Generated by org.testng.reporters.JUnitReportReporter -->
<testsuite hostname="Preeths-MBP-2" failures="0" tests="2" name="e2eTestingPWC_AID.e2eCodePWC" time="3.557" errors="0" timestamp="2022-07-06T10:55:33 PDT" skipped="0">
  <testcase classname="e2eTestingPWC_AID.e2eCodePWC" name="getFilesForTestID_Original_TestA" time="2.476"/>
  <system-out/>
  <testcase classname="e2eTestingPWC_AID.e2eCodePWC" name="getTestStaticticsForTestID" time="1.081"/>
  <system-out/>
</testsuite> <!-- e2eTestingPWC_AID.e2eCodePWC -->
