<?xml version="1.0" encoding="UTF-8"?>
<!-- Generated by org.testng.reporters.JUnitReportReporter -->
<testsuite hostname="Preeths-MBP-2" failures="0" tests="1" name="e2eTestingPWC_AID.BasicAuth" time="1.892" errors="0" timestamp="2022-07-02T22:16:11 PDT" skipped="0">
  <testcase classname="e2eTestingPWC_AID.BasicAuth" name="getData" time="1.892"/>
  <system-out/>
</testsuite> <!-- e2eTestingPWC_AID.BasicAuth -->
