<?xml version="1.0" encoding="UTF-8"?>
<!-- Generated by org.testng.reporters.JUnitReportReporter -->
<testsuite hostname="EC2AMAZ-S3CH3FS" failures="0" tests="2" name="e2eTestingPWC_AID.e2eCodePWCAddtl" time="5.598" errors="0" timestamp="2023-02-17T18:47:50 PST" skipped="0">
  <testcase classname="e2eTestingPWC_AID.e2eCodePWCAddtl" name="runLoadRunnerEnhanced" time="5.589"/>
  <system-out/>
  <testcase classname="e2eTestingPWC_AID.e2eCodePWCAddtl" name="newTestAllValue" time="0.009"/>
  <system-out/>
</testsuite> <!-- e2eTestingPWC_AID.e2eCodePWCAddtl -->
