<?xml version="1.0" encoding="UTF-8"?>
<!-- Generated by org.testng.reporters.JUnitReportReporter -->
<testsuite hostname="Preeths-MBP-2" failures="0" tests="1" name="e2eTestingPWC_AID.e2eCodePWCAddtPreChange" time="276.783" errors="0" timestamp="2022-10-13T16:26:13 PDT" skipped="0">
  <testcase classname="e2eTestingPWC_AID.e2eCodePWCAddtPreChange" name="runBlazeMeterEnhanced" time="276.783"/>
  <system-out/>
</testsuite> <!-- e2eTestingPWC_AID.e2eCodePWCAddtPreChange -->
